# JRE version: Java(TM) SE Runtime Environment (8.0_391) (build 1.8.0_391-b26)
# Java VM: Java HotSpot(TM) 64-Bit Server VM (25.391-b26 mixed mode windows-amd64 compressed oops)
Heap:
 PSYoungGen      total 37888K, used 24412K [0x00000000d6300000, 0x00000000da600000, 0x0000000100000000)
  eden space 32768K, 58% used [0x00000000d6300000,0x00000000d75df2c8,0x00000000d8300000)
  from space 5120K, 99% used [0x00000000d8300000,0x00000000d87f8010,0x00000000d8800000)
  to   space 15360K, 0% used [0x00000000d9700000,0x00000000d9700000,0x00000000da600000)
 ParOldGen       total 153600K, used 81197K [0x0000000082800000, 0x000000008be00000, 0x00000000d6300000)
  object space 153600K, 52% used [0x0000000082800000,0x000000008774b738,0x000000008be00000)
 Metaspace       used 31823K, capacity 33754K, committed 33920K, reserved 1079296K
  class space    used 4299K, capacity 4695K, committed 4736K, reserved 1048576K
GC Heap History (10 events):
Event: 8.705 GC heap before
{Heap before GC invocations=3 (full 1):
 PSYoungGen      total 37888K, used 5104K [0x00000000d6300000, 0x00000000d8d00000, 0x0000000100000000)
  eden space 32768K, 0% used [0x00000000d6300000,0x00000000d6300000,0x00000000d8300000)
  from space 5120K, 99% used [0x00000000d8800000,0x00000000d8cfc040,0x00000000d8d00000)
  to   space 5120K, 0% used [0x00000000d8300000,0x00000000d8300000,0x00000000d8800000)
 ParOldGen       total 86016K, used 32974K [0x0000000082800000, 0x0000000087c00000, 0x00000000d6300000)
  object space 86016K, 38% used [0x0000000082800000,0x0000000084833bd8,0x0000000087c00000)
 Metaspace       used 20305K, capacity 21114K, committed 21248K, reserved 1067008K
  class space    used 2761K, capacity 2993K, committed 3072K, reserved 1048576K
Event: 8.739 GC heap after
Heap after GC invocations=3 (full 1):
 PSYoungGen      total 37888K, used 0K [0x00000000d6300000, 0x00000000d8d00000, 0x0000000100000000)
  eden space 32768K, 0% used [0x00000000d6300000,0x00000000d6300000,0x00000000d8300000)
  from space 5120K, 0% used [0x00000000d8800000,0x00000000d8800000,0x00000000d8d00000)
  to   space 5120K, 0% used [0x00000000d8300000,0x00000000d8300000,0x00000000d8800000)
 ParOldGen       total 79360K, used 37266K [0x0000000082800000, 0x0000000087580000, 0x00000000d6300000)
  object space 79360K, 46% used [0x0000000082800000,0x0000000084c64b20,0x0000000087580000)
 Metaspace       used 20305K, capacity 21114K, committed 21248K, reserved 1067008K
  class space    used 2761K, capacity 2993K, committed 3072K, reserved 1048576K
}
Event: 9.648 GC heap before
{Heap before GC invocations=4 (full 1):
 PSYoungGen      total 37888K, used 30732K [0x00000000d6300000, 0x00000000d8d00000, 0x0000000100000000)
  eden space 32768K, 93% used [0x00000000d6300000,0x00000000d8103060,0x00000000d8300000)
  from space 5120K, 0% used [0x00000000d8800000,0x00000000d8800000,0x00000000d8d00000)
  to   space 5120K, 0% used [0x00000000d8300000,0x00000000d8300000,0x00000000d8800000)
 ParOldGen       total 79360K, used 65722K [0x0000000082800000, 0x0000000087580000, 0x00000000d6300000)
  object space 79360K, 82% used [0x0000000082800000,0x000000008682e8f0,0x0000000087580000)
 Metaspace       used 26113K, capacity 27046K, committed 27136K, reserved 1073152K
  class space    used 3507K, capacity 3761K, committed 3840K, reserved 1048576K
Event: 9.654 GC heap after
Heap after GC invocations=4 (full 1):
 PSYoungGen      total 37888K, used 5106K [0x00000000d6300000, 0x00000000d8d00000, 0x0000000100000000)
  eden space 32768K, 0% used [0x00000000d6300000,0x00000000d6300000,0x00000000d8300000)
  from space 5120K, 99% used [0x00000000d8300000,0x00000000d87fc9c8,0x00000000d8800000)
  to   space 5120K, 0% used [0x00000000d8800000,0x00000000d8800000,0x00000000d8d00000)
 ParOldGen       total 79360K, used 67024K [0x0000000082800000, 0x0000000087580000, 0x00000000d6300000)
  object space 79360K, 84% used [0x0000000082800000,0x00000000869742f0,0x0000000087580000)
 Metaspace       used 26113K, capacity 27046K, committed 27136K, reserved 1073152K
  class space    used 3507K, capacity 3761K, committed 3840K, reserved 1048576K
}
Event: 10.512 GC heap before
{Heap before GC invocations=5 (full 1):
 PSYoungGen      total 37888K, used 36335K [0x00000000d6300000, 0x00000000d8d00000, 0x0000000100000000)
  eden space 32768K, 95% used [0x00000000d6300000,0x00000000d817f298,0x00000000d8300000)
  from space 5120K, 99% used [0x00000000d8300000,0x00000000d87fc9c8,0x00000000d8800000)
  to   space 5120K, 0% used [0x00000000d8800000,0x00000000d8800000,0x00000000d8d00000)
 ParOldGen       total 79360K, used 67024K [0x0000000082800000, 0x0000000087580000, 0x00000000d6300000)
  object space 79360K, 84% used [0x0000000082800000,0x00000000869742f0,0x0000000087580000)
 Metaspace       used 29604K, capacity 31274K, committed 31360K, reserved 1077248K
  class space    used 4098K, capacity 4423K, committed 4480K, reserved 1048576K
Event: 10.519 GC heap after
Heap after GC invocations=5 (full 1):
 PSYoungGen      total 37888K, used 5112K [0x00000000d6300000, 0x00000000d8d00000, 0x0000000100000000)
  eden space 32768K, 0% used [0x00000000d6300000,0x00000000d6300000,0x00000000d8300000)
  from space 5120K, 99% used [0x00000000d8800000,0x00000000d8cfe2f8,0x00000000d8d00000)
  to   space 5120K, 0% used [0x00000000d8300000,0x00000000d8300000,0x00000000d8800000)
 ParOldGen       total 79360K, used 77238K [0x0000000082800000, 0x0000000087580000, 0x00000000d6300000)
  object space 79360K, 97% used [0x0000000082800000,0x000000008736d9f8,0x0000000087580000)
 Metaspace       used 29604K, capacity 31274K, committed 31360K, reserved 1077248K
  class space    used 4098K, capacity 4423K, committed 4480K, reserved 1048576K
}
Event: 10.519 GC heap before
{Heap before GC invocations=6 (full 2):
 PSYoungGen      total 37888K, used 5112K [0x00000000d6300000, 0x00000000d8d00000, 0x0000000100000000)
  eden space 32768K, 0% used [0x00000000d6300000,0x00000000d6300000,0x00000000d8300000)
  from space 5120K, 99% used [0x00000000d8800000,0x00000000d8cfe2f8,0x00000000d8d00000)
  to   space 5120K, 0% used [0x00000000d8300000,0x00000000d8300000,0x00000000d8800000)
 ParOldGen       total 79360K, used 77238K [0x0000000082800000, 0x0000000087580000, 0x00000000d6300000)
  object space 79360K, 97% used [0x0000000082800000,0x000000008736d9f8,0x0000000087580000)
 Metaspace       used 29604K, capacity 31274K, committed 31360K, reserved 1077248K
  class space    used 4098K, capacity 4423K, committed 4480K, reserved 1048576K
Event: 10.602 GC heap after
Heap after GC invocations=6 (full 2):
 PSYoungGen      total 37888K, used 0K [0x00000000d6300000, 0x00000000d8d00000, 0x0000000100000000)
  eden space 32768K, 0% used [0x00000000d6300000,0x00000000d6300000,0x00000000d8300000)
  from space 5120K, 0% used [0x00000000d8800000,0x00000000d8800000,0x00000000d8d00000)
  to   space 5120K, 0% used [0x00000000d8300000,0x00000000d8300000,0x00000000d8800000)
 ParOldGen       total 153600K, used 79067K [0x0000000082800000, 0x000000008be00000, 0x00000000d6300000)
  object space 153600K, 51% used [0x0000000082800000,0x0000000087536d70,0x000000008be00000)
 Metaspace       used 29604K, capacity 31274K, committed 31360K, reserved 1077248K
  class space    used 4098K, capacity 4423K, committed 4480K, reserved 1048576K
}
Event: 18.601 GC heap before
{Heap before GC invocations=7 (full 2):
 PSYoungGen      total 37888K, used 32768K [0x00000000d6300000, 0x00000000d8d00000, 0x0000000100000000)
  eden space 32768K, 100% used [0x00000000d6300000,0x00000000d8300000,0x00000000d8300000)
  from space 5120K, 0% used [0x00000000d8800000,0x00000000d8800000,0x00000000d8d00000)
  to   space 5120K, 0% used [0x00000000d8300000,0x00000000d8300000,0x00000000d8800000)
 ParOldGen       total 153600K, used 79067K [0x0000000082800000, 0x000000008be00000, 0x00000000d6300000)
  object space 153600K, 51% used [0x0000000082800000,0x0000000087536d70,0x000000008be00000)
 Metaspace       used 31289K, capacity 33098K, committed 33408K, reserved 1077248K
  class space    used 4237K, capacity 4609K, committed 4736K, reserved 1048576K
Event: 18.609 GC heap after
Heap after GC invocations=7 (full 2):
 PSYoungGen      total 37888K, used 5088K [0x00000000d6300000, 0x00000000da600000, 0x0000000100000000)
  eden space 32768K, 0% used [0x00000000d6300000,0x00000000d6300000,0x00000000d8300000)
  from space 5120K, 99% used [0x00000000d8300000,0x00000000d87f8010,0x00000000d8800000)
  to   space 15360K, 0% used [0x00000000d9700000,0x00000000d9700000,0x00000000da600000)
 ParOldGen       total 153600K, used 81197K [0x0000000082800000, 0x000000008be00000, 0x00000000d6300000)
  object space 153600K, 52% used [0x0000000082800000,0x000000008774b738,0x000000008be00000)
 Metaspace       used 31289K, capacity 33098K, committed 33408K, reserved 1077248K
  class space    used 4237K, capacity 4609K, committed 4736K, reserved 1048576K
}

